<html>
<body>
<pre>
<h1>Vision Build Log</h1>
<h2>Tool Versions:</h2>
IDE-Version: μVision V5.37.0.0
Copyright (C) 2022 ARM Ltd and ARM Germany GmbH. All rights reserved.
License Information: 1 wyy, 1, LIC=----
 
Tool Versions:
Toolchain:       PK51 Prof. Develpers Kit  Version: 9.01
Toolchain Path:  E:\keil_mdk5\C51\BIN
C Compiler:      C51.exe V9.01
Assembler:       A51.exe V8.02
Linker/Locator:  BL51.exe V6.22
Library Manager: LIB51.exe V4.24
Hex Converter:   OH51.exe V2.6
CPU DLL:         S8051.DLL V3.72
Dialog DLL:      DP51.DLL V2.59 
<h2>Project:</h2>
D:\51单片机\按键控制流水灯方向\project.uvproj
Project File Date:  03/03/2023

<h2>Output:</h2>
Rebuild target 'Target 1'
compiling main.c...
E:\KEIL_MDK5\C51\INC\ATMEL\REGX52.H(12): warning C317: attempt to redefine macro 'unsigned'
DELAY.H(4): error C141: syntax error near 'int', expected ')'
KEY.H(4): error C129: missing ';' before 'char'
compiling Delay.c...
compiling Timer0.c...
E:\KEIL_MDK5\C51\INC\ATMEL\REGX52.H(12): warning C317: attempt to redefine macro 'unsigned'
compiling key.c...
E:\KEIL_MDK5\C51\INC\ATMEL\REGX52.H(12): warning C317: attempt to redefine macro 'unsigned'
DELAY.H(4): error C141: syntax error near 'int', expected ')'
KEY.C(4): error C129: missing ';' before 'char'
Target not created.
Build Time Elapsed:  00:00:00
</pre>
</body>
</html>
