<html>
<body>
<pre>
<h1>Vision Build Log</h1>
<h2>Tool Versions:</h2>
IDE-Version: μVision V5.37.0.0
Copyright (C) 2022 ARM Ltd and ARM Germany GmbH. All rights reserved.
License Information: 1 wyy, 1, LIC=----
 
Tool Versions:
Toolchain:       PK51 Prof. Develpers Kit  Version: 9.01
Toolchain Path:  E:\keil_mdk5\C51\BIN
C Compiler:      C51.exe V9.01
Assembler:       A51.exe V8.02
Linker/Locator:  BL51.exe V6.22
Library Manager: LIB51.exe V4.24
Hex Converter:   OH51.exe V2.6
CPU DLL:         S8051.DLL V3.72
Dialog DLL:      DP51.DLL V2.59 
<h2>Project:</h2>
D:\51单片机\LCD屏显示时钟\peoject.uvproj
Project File Date:  01/03/2023

<h2>Output:</h2>
Rebuild target 'Target 1'
compiling main.c...
E:\KEIL_MDK5\C51\INC\ATMEL\REGX52.H(12): warning C317: attempt to redefine macro 'unsigned'
LCD1602.H(6): error C141: syntax error near 'char', expected ')'
LCD1602.H(7): error C141: syntax error near 'char', expected ')'
LCD1602.H(8): error C141: syntax error near 'char', expected ')'
LCD1602.H(9): error C141: syntax error near 'char', expected ')'
LCD1602.H(10): error C141: syntax error near 'char', expected ')'
LCD1602.H(11): error C141: syntax error near 'char', expected ')'
DELAY.H(4): error C141: syntax error near 'int', expected ')'
MAIN.C(6): error C129: missing ';' before 'char'
compiling Delay.c...
compiling LCD1602.c...
E:\KEIL_MDK5\C51\INC\ATMEL\REGX52.H(12): warning C317: attempt to redefine macro 'unsigned'
LCD1602.C(17): error C141: syntax error near 'char'
LCD1602.C(32): error C141: syntax error near 'char', expected ')'
LCD1602.C(36): error C202: 'Command': undefined identifier
LCD1602.C(48): error C141: syntax error near 'char', expected ')'
LCD1602.C(52): error C202: 'Data': undefined identifier
LCD1602.C(65): error C141: syntax error near 'char', expected ')'
LCD1602.C(67): error C202: 'Line': undefined identifier
LCD1602.C(69): error C202: 'Column': undefined identifier
LCD1602.C(71): error C202: 'Line': undefined identifier
LCD1602.C(73): error C202: 'Column': undefined identifier
LCD1602.C(97): error C141: syntax error near 'char', expected ')'
LCD1602.C(99): error C202: 'Line': undefined identifier
LCD1602.C(100): error C202: 'Char': undefined identifier
LCD1602.C(110): error C141: syntax error near 'char', expected ')'
LCD1602.C(112): error C231: 'u8': redefinition
LCD1602.C(112): error C141: syntax error near 'char'
LCD1602.C(113): error C202: 'Line': undefined identifier
LCD1602.C(114): error C202: 'String': undefined identifier
LCD1602.C(116): error C202: 'String': undefined identifier
LCD1602.C(125): error C141: syntax error near 'char'
LCD1602.C(142): error C141: syntax error near 'char', expected ')'
LCD1602.C(144): error C231: 'u8': redefinition
LCD1602.C(144): error C141: syntax error near 'char'
LCD1602.C(145): error C202: 'Line': undefined identifier
LCD1602.C(146): error C202: 'Length': undefined identifier
LCD1602.C(148): error C202: 'Number': undefined identifier
LCD1602.C(160): error C141: syntax error near 'char', expected ')'
LCD1602.C(162): error C231: 'u8': redefinition
LCD1602.C(162): error C141: syntax error near 'char'
LCD1602.C(163): error C231: 'u8': redefinition
LCD1602.C(163): error C141: syntax error near 'int'
LCD1602.C(164): error C202: 'Line': undefined identifier
LCD1602.C(165): error C202: 'Number': undefined identifier
LCD1602.C(168): error C202: 'Number': undefined identifier
LCD1602.C(173): error C202: 'Number': undefined identifier
LCD1602.C(175): error C202: 'Length': undefined identifier
LCD1602.C(189): error C141: syntax error near 'char', expected ')'
LCD1602.C(191): error C231: 'u8': redefinition
LCD1602.C(191): error C141: syntax error near 'char'
LCD1602.C(192): error C202: 'Line': undefined identifier
LCD1602.C(193): error C202: 'Length': undefined identifier
LCD1602.C(195): error C202: 'Number': undefined identifier
LCD1602.C(215): error C141: syntax error near 'char', expected ')'
LCD1602.C(217): error C231: 'u8': redefinition
LCD1602.C(217): error C141: syntax error near 'char'
LCD1602.C(218): error C202: 'Line': undefined identifier
LCD1602.C(219): error C202: 'Length': undefined identifier
LCD1602.C(221): error C202: 'Number': undefined identifier
compiling Timer0.c...
E:\KEIL_MDK5\C51\INC\ATMEL\REGX52.H(12): warning C317: attempt to redefine macro 'unsigned'
Target not created.
Build Time Elapsed:  00:00:01
</pre>
</body>
</html>
